starting tomoDD-SE (v1.0 - 01/2003)...       Fri Jul 26 21:06:13 2019–
Input parameters: (from tomoDD-SE.inp)
  cross dtime file:  
  catalog dtime file: Input_Files/dt.ct
  station file: Input_Files/station.dat
  event file: Input_Files/event.dat
  initial locations: Output_Files/tomoDD.loc
  absolute data file: Input_Files/absolute.dat
  velocity output file: Output_Files/tomoDD.vel
  relocated events: Output_Files/tomoDD.reloc
 Air depth is:  -4.0000000    
  event pair file: Output_Files/tomoDD.res
  station residual file: Output_Files/tomoDD.sta
  source parameter file:  
  IDATA=  2  IPHASE=  3  MAXDIST= 8000.
  MINOBS_CC=   0  MINOBS_CT=   0
  ISTART= 2  ISOLV= 2
  ITER  1- 1: DAMP=    55.0
    WT_CCP= -9.0000  WT_CCS= -9.0000  MAXR_CC= -9.0000  MAXD_CC=   -9.00
    WT_CTP=  1.0000  WT_CTS=  0.8000  MAXR_CT=  6.0000  MAXD_CT=   -9.00  WT_CTD=    1.00  JOINT=   1  THRE= 10.0000
 Relocate all clusters
 Relocate all events
 Rotation angle:   0.0000000    
Coordinate center---
Lat:  30.3000Lon: 103.3000
Computational step size:    0.0000
Ray-tracing step size:    1.0000
Model derivatives calculation parameters---
iuses:   2invdel:   0iuseq=  0
 # of inversion nodes:
 npari:         2160  nparvi:         2160
 nparpi:        1080  nparsi:         1080

~ Reading data ...   Fri Jul 26 21:06:13 2019
# stations total =     60
# stations < maxdist =     60
# catalog P dtimes =    9589
# catalog S dtimes =    9709
# Absolute catalog P dtimes =    4418
# Absolute catalog S dtimes =    3956
# dtimes total =    27672
# events after dtime match =       1409
# stations =     13

no clustering performed.

RELOCATION OF CLUSTER: 1     Fri Jul 26 21:06:13 2019–
----------------------
Cluster centroid at:  29.875952   102.562553   5.063875
# events: 1409
# initial trial sources:  1409

===ITERATION   1 (  1) Fri Jul 26 21:06:13 2019–

Weighting parameters for this iteration:
  wt_ccp= -9.0000  wt_ccs= -9.0000  maxr_cc= -9.0000  maxd_cc=   -9.00
  wt_ctp=  1.0000  wt_cts=  0.8000  maxr_ct=  6.0000  maxd_ct=   -9.00
  damp=    55.0  joint=   1  wtdd=  1.0000  THRES=  10.00000

~ getting partials for    13 stations and  1409 source(s) ...
~ getting residual vector...
re-weighting ... Fri Jul 26 21:06:25 2019I
 diff ct res/dist cutoff [s]:  8.693s/ -9.00km (  0.0%)
 abs ct res/dist cutoff [s]: 13.015s/ -9.00km (  0.8%)
skipping data...
# obs =     27598 ( 99.7%)
# events =      1409
# stations =        13

Residual summary of initial data:
 absolute mean [s] =    0.5016
 weighted mean [s] =    0.4861
 absolute variance [s] =     6.6069
 weighted variance [s] =     1.5236
 absolute ct rms [s] =     2.2343
 weighted ct rms [s] (RMSCT) =     2.1252

~ setting up G matrix.. 
~ scaling G columns ... 
~ lsqr ...    Fri Jul 26 21:06:26 2019–
  istop = 2; acond (CND)=   150.9; anorm =  3758.7; arnorm =   241.7; xnorm =   768.4
 smooth, damp, xnorm, xnorm_vel, rnorm, rnorm_wt:   20.000000       55.000000       1207357.0       494.75519       112479.19       47548.785    

Residual summary:
 absolute mean [s] =  0.0324 ( -93.54 %)
 weighted mean [s] =  0.0212 ( -95.63 %)
 absolute variance [s] =   620.1194 (2183.55 %)
 weighted variance [s] =   110.9166 ( -99.91 %)
 absolute ct rms [s] =  0.6771 ( -69.70 %)
 weighted ct rms [s] =  0.5664 ( -73.35 %)

Location summary:
 mean 2sig-error (x,y,z,t,m) [m,ms]: 
 9513.8 9168.311482.4 3156.1462.968 (    0.0    0.0    0.0    0.0  0.000)
 mean shift (x,y,z,t,m) [m,ms] (DX,DY,DZ,DT): 
 6719.4 5838.8 8142.5  506.6462.968 (    0.0    0.0    0.0    0.0  0.000)
>>>Warning: negative depth -       620024
>>>Warning: negative depth -       620033
>>>Warning: negative depth -       620041
>>>Warning: negative depth -       620046
>>>Warning: negative depth -       620047
>>>Warning: negative depth -       620056
>>>Warning: negative depth -       620074
>>>Warning: negative depth -       620082
>>>Warning: negative depth -       620087
>>>Warning: negative depth -       620088
>>>Warning: negative depth -       620089
>>>Warning: negative depth -       620090
>>>Warning: negative depth -       620091
>>>Warning: negative depth -       620095
>>>Warning: negative depth -       620105
>>>Warning: negative depth -       620106
>>>Warning: negative depth -       620120
>>>Warning: negative depth -       620139
>>>Warning: negative depth -       620140
>>>Warning: negative depth -       620142
>>>Warning: negative depth -       620147
>>>Warning: negative depth -       620148
>>>Warning: negative depth -       620151
>>>Warning: negative depth -       620161
>>>Warning: negative depth -       620162
>>>Warning: negative depth -       620165
>>>Warning: negative depth -       620166
>>>Warning: negative depth -       620179
>>>Warning: negative depth -       620183
>>>Warning: negative depth -       620185
>>>Warning: negative depth -       620189
>>>Warning: negative depth -       620194
>>>Warning: negative depth -       620205
>>>Warning: negative depth -       620211
>>>Warning: negative depth -       620216
>>>Warning: negative depth -       620224
>>>Warning: negative depth -       620225
>>>Warning: negative depth -       620229
>>>Warning: negative depth -       620236
>>>Warning: negative depth -       620237
>>>Warning: negative depth -       620242
>>>Warning: negative depth -       620243
>>>Warning: negative depth -       620247
>>>Warning: negative depth -       620248
>>>Warning: negative depth -       620249
>>>Warning: negative depth -       620261
>>>Warning: negative depth -       620309
>>>Warning: negative depth -       620312
>>>Warning: negative depth -       620313
>>>Warning: negative depth -       620317
>>>Warning: negative depth -            4
>>>Warning: negative depth -          454
>>>Warning: negative depth -          610
>>>Warning: negative depth -          707
>>>Warning: negative depth -          725
>>>Warning: negative depth -          746
>>>Warning: negative depth -          755
>>>Warning: negative depth -          807
>>>Warning: negative depth -          833
>>>Warning: negative depth -          990
>>>Warning: negative depth -         1063
>>>Warning: negative depth -         1162
>>>Warning: negative depth -         1291
>>>Warning: negative depth -         1292
>>>Warning: negative depth -         1308
>>>Warning: negative depth -         1385
>>>Warning: negative depth -         1392
>>>Warning: negative depth -         1445
>>>Warning: negative depth -         1481
>>>Warning: negative depth -         1602
>>>Warning: negative depth -         1699
>>>Warning: negative depth -         1706
>>>Warning: negative depth -         1725
>>>Warning: negative depth -         1801
>>>Warning: negative depth -         1887
>>>Warning: negative depth -         1899
>>>Warning: negative depth -         1969
>>>Warning: negative depth -         2077
>>>Warning: negative depth -         2426
>>>Warning: negative depth -         2432
>>>Warning: negative depth -         2456
>>>Warning: negative depth -         2485
>>>Warning: negative depth -         2516
>>>Warning: negative depth -         2536
>>>Warning: negative depth -         2600
>>>Warning: negative depth -         2622
>>>Warning: negative depth -         2725
>>>Warning: negative depth -         2751
>>>Warning: negative depth -         2850
>>>Warning: negative depth -         2862
>>>Warning: negative depth -         2888
>>>Warning: negative depth -         2926
>>>Warning: negative depth -         2963
>>>Warning: negative depth -         2990
>>>Warning: negative depth -         3107
>>>Warning: negative depth -         3234
>>>Warning: negative depth -         3324
>>>Warning: negative depth -         3337
>>>Warning: negative depth -         3377
>>>Warning: negative depth -         3601
>>>Warning: negative depth -         3605
>>>Warning: negative depth -         3671
>>>Warning: negative depth -         3730
>>>Warning: negative depth -         3757
>>>Warning: negative depth -         3790
>>>Warning: negative depth -         3874
>>>Warning: negative depth -         3886
>>>Warning: negative depth -         3920
>>>Warning: negative depth -         4034
>>>Warning: negative depth -         4184
>>>Warning: negative depth -         4207
>>>Warning: negative depth -         4303
>>>Warning: negative depth -         4346
>>>Warning: negative depth -         4351
>>>Warning: negative depth -         4386
>>>Warning: negative depth -         4401
>>>Warning: negative depth -         4486
>>>Warning: negative depth -         4519
>>>Warning: negative depth -         4613
>>>Warning: negative depth -         4628
>>>Warning: negative depth -         4674
>>>Warning: negative depth -         4709
>>>Warning: negative depth -         4810
>>>Warning: negative depth -         4813
>>>Warning: negative depth -         4918
>>>Warning: negative depth -         4940
>>>Warning: negative depth -         5128
>>>Warning: negative depth -         5165
>>>Warning: negative depth -         5317
>>>Warning: negative depth -         5319
>>>Warning: negative depth -         5361
>>>Warning: negative depth -         5456
>>>Warning: negative depth -         5487
>>>Warning: negative depth -         5543
>>>Warning: negative depth -         5571
>>>Warning: negative depth -         5605
>>>Warning: negative depth -         5607
>>>Warning: negative depth -         5679
>>>Warning: negative depth -         5699
>>>Warning: negative depth -         5702
>>>Warning: negative depth -         5714
>>>Warning: negative depth -         5808
>>>Warning: negative depth -         5844
>>>Warning: negative depth -         5881
>>>Warning: negative depth -         6004
>>>Warning: negative depth -         6025
>>>Warning: negative depth -         6119
>>>Warning: negative depth -         6136
>>>Warning: negative depth -         6164
>>>Warning: negative depth -         6172
>>>Warning: negative depth -         6224
>>>Warning: negative depth -         6295
>>>Warning: negative depth -         6332
>>>Warning: negative depth -         6474
>>>Warning: negative depth -         6487
>>>Warning: negative depth -         6606
>>>Warning: negative depth -         6626
>>>Warning: negative depth -         6896
>>>Warning: negative depth -         6898
>>>Warning: negative depth -         6913
>>>Warning: negative depth -         6933
>>>Warning: negative depth -         6935
>>>Warning: negative depth -         7034
>>>Warning: negative depth -         7064
>>>Warning: negative depth -         7065
>>>Warning: negative depth -         7084
>>>Warning: negative depth -         7153
>>>Warning: negative depth -         7203
>>>Warning: negative depth -         7284
>>>Warning: negative depth -         7316
>>>Warning: negative depth -         7319
>>>Warning: negative depth -         7395
>>>Warning: negative depth -         7603
>>>Warning: negative depth -         7609
>>>Warning: negative depth -         7637
>>>Warning: negative depth -         7638
>>>Warning: negative depth -         7742
>>>Warning: negative depth -         7871
>>>Warning: negative depth -         7936
>>>Warning: negative depth -         7942
>>>Warning: negative depth -         7955
>>>Warning: negative depth -         7998
>>>Warning: negative depth -         8114
>>>Warning: negative depth -         8139
>>>Warning: negative depth -         8141
>>>Warning: negative depth -         8145
>>>Warning: negative depth -         8149
>>>Warning: negative depth -         8236
>>>Warning: negative depth -         8238
>>>Warning: negative depth -         8280
>>>Warning: negative depth -         8293
>>>Warning: negative depth -         8329
>>>Warning: negative depth -         8335
>>>Warning: negative depth -         8343
>>>Warning: negative depth -         8354
>>>Warning: negative depth -         8374
>>>Warning: negative depth -         8376
>>>Warning: negative depth -         8379
>>>Warning: negative depth -         8392
>>>Warning: negative depth -         8396
>>>Warning: negative depth -         8403
>>>Warning: negative depth -         8426
>>>Warning: negative depth -         8477
>>>Warning: negative depth -         8479
>>>Warning: negative depth -         8482
>>>Warning: negative depth -         8483
>>>Warning: negative depth -         8523
>>>Warning: negative depth -         8570
>>>Warning: negative depth -         8617
>>>Warning: negative depth -         8625
>>>Warning: negative depth -         8648
>>>Warning: negative depth -         8683
>>>Warning: negative depth -         8730
>>>Warning: negative depth -         8795
>>>Warning: negative depth -         8807
>>>Warning: negative depth -         8880
>>>Warning: negative depth -         8898
>>>Warning: negative depth -         8961
 Number of air quakes (AQ) =         218
Iteration  1 finished Fri Jul 26 21:06:26 2019–

===ITERATION   1 (  2) Fri Jul 26 21:06:26 2019–

Weighting parameters for this iteration:
  wt_ccp= -9.0000  wt_ccs= -9.0000  maxr_cc= -9.0000  maxd_cc=   -9.00
  wt_ctp=  1.0000  wt_cts=  0.8000  maxr_ct=  6.0000  maxd_ct=   -9.00
  damp=    55.0  joint=   1  wtdd=  1.0000  THRES=  10.00000

~ getting partials for    13 stations and  1409 source(s) ...
~ getting residual vector...
re-weighting ... Fri Jul 26 21:06:26 2019I
 diff ct res/dist cutoff [s]:  8.692s/ -9.00km (  5.6%)
 abs ct res/dist cutoff [s]: 12.841s/ -9.00km ( 13.1%)
skipping data...
# obs =     25430 ( 91.9%)
# events =      1191
# stations =        13

~ setting up G matrix.. 
~ scaling G columns ... 
~ lsqr ...    Fri Jul 26 21:06:26 2019–
  istop = 2; acond (CND)=   144.2; anorm =  3602.4; arnorm =   198.4; xnorm =   726.3
 smooth, damp, xnorm, xnorm_vel, rnorm, rnorm_wt:   20.000000       55.000000       785667.06       466.76062       103238.76       44359.836    

Residual summary:
 absolute mean [s] =  0.0234 (    Inf %)
 weighted mean [s] =  0.0175 (    Inf %)
 absolute variance [s] =   557.0575 (1951.33 %)
 weighted variance [s] =   102.8791 ( -99.92 %)
 absolute ct rms [s] =  0.6474 (  -4.38 %)
 weighted ct rms [s] =  0.5506 (  -2.79 %)

Location summary:
 mean 2sig-error (x,y,z,t,m) [m,ms]: 
 8792.2 8665.710339.7 3014.7429.259 ( -721.6 -502.6-1142.8 -141.4-33.709)
 mean shift (x,y,z,t,m) [m,ms] (DX,DY,DZ,DT): 
 5722.2 5160.9 5881.3  445.9429.259 ( -997.2 -677.9-2261.2  -60.7-33.709)
>>>Warning: negative depth -       620124
>>>Warning: negative depth -       620188
>>>Warning: negative depth -       620239
>>>Warning: negative depth -       620264
>>>Warning: negative depth -       620267
>>>Warning: negative depth -          422
>>>Warning: negative depth -         1488
>>>Warning: negative depth -         2241
>>>Warning: negative depth -         2715
>>>Warning: negative depth -         5114
>>>Warning: negative depth -         6088
>>>Warning: negative depth -         7410
>>>Warning: negative depth -         7877
>>>Warning: negative depth -         8198
>>>Warning: negative depth -         8252
>>>Warning: negative depth -         8357
>>>Warning: negative depth -         8366
>>>Warning: negative depth -         8393
>>>Warning: negative depth -         8554
>>>Warning: negative depth -         8571
>>>Warning: negative depth -         8638
 Number of air quakes (AQ) =          21
Iteration  2 finished Fri Jul 26 21:06:27 2019–

===ITERATION   1 (  3) Fri Jul 26 21:06:27 2019–

Weighting parameters for this iteration:
  wt_ccp= -9.0000  wt_ccs= -9.0000  maxr_cc= -9.0000  maxd_cc=   -9.00
  wt_ctp=  1.0000  wt_cts=  0.8000  maxr_ct=  6.0000  maxd_ct=   -9.00
  damp=    55.0  joint=   1  wtdd=  1.0000  THRES=  10.00000

~ getting partials for    13 stations and  1191 source(s) ...
~ getting residual vector...
re-weighting ... Fri Jul 26 21:06:27 2019I
 diff ct res/dist cutoff [s]:  8.575s/ -9.00km (  0.4%)
 abs ct res/dist cutoff [s]: 11.749s/ -9.00km (  1.6%)
skipping data...
# obs =     25251 ( 91.3%)
# events =      1170
# stations =        13

~ setting up G matrix.. 
~ scaling G columns ... 
~ lsqr ...    Fri Jul 26 21:06:27 2019–
  istop = 2; acond (CND)=   141.2; anorm =  3538.9; arnorm =   190.9; xnorm =   701.9
 smooth, damp, xnorm, xnorm_vel, rnorm, rnorm_wt:   20.000000       55.000000       785379.00       444.14301       103226.20       43275.316    

Residual summary:
 absolute mean [s] =  0.0263 (    Inf %)
 weighted mean [s] =  0.0177 (    Inf %)
 absolute variance [s] =   558.7602 (1957.60 %)
 weighted variance [s] =    98.2591 ( -99.92 %)
 absolute ct rms [s] =  0.6496 (   0.34 %)
 weighted ct rms [s] =  0.5421 (  -1.54 %)

Location summary:
 mean 2sig-error (x,y,z,t,m) [m,ms]: 
 8548.1 8413.110090.8 2931.6407.218 ( -244.1 -252.6 -248.9  -83.0-22.041)
 mean shift (x,y,z,t,m) [m,ms] (DX,DY,DZ,DT): 
 5690.7 5049.5 5845.3  439.3407.218 (  -31.5 -111.4  -36.0   -6.7-22.041)
>>>Warning: negative depth -         3816
>>>Warning: negative depth -         6567
>>>Warning: negative depth -         7639
>>>Warning: negative depth -         8342
 Number of air quakes (AQ) =           4
Iteration  3 finished Fri Jul 26 21:06:27 2019–

===ITERATION   1 (  4) Fri Jul 26 21:06:27 2019–

Weighting parameters for this iteration:
  wt_ccp= -9.0000  wt_ccs= -9.0000  maxr_cc= -9.0000  maxd_cc=   -9.00
  wt_ctp=  1.0000  wt_cts=  0.8000  maxr_ct=  6.0000  maxd_ct=   -9.00
  damp=    55.0  joint=   1  wtdd=  1.0000  THRES=  10.00000

~ getting partials for    13 stations and  1170 source(s) ...
~ getting residual vector...
re-weighting ... Fri Jul 26 21:06:27 2019I
 diff ct res/dist cutoff [s]:  8.567s/ -9.00km (  0.0%)
 abs ct res/dist cutoff [s]: 11.642s/ -9.00km (  0.3%)
skipping data...
# obs =     25228 ( 91.2%)
# events =      1166
# stations =        13

~ setting up G matrix.. 
~ scaling G columns ... 
~ lsqr ...    Fri Jul 26 21:06:27 2019–
  istop = 2; acond (CND)=   141.3; anorm =  3538.1; arnorm =   186.5; xnorm =   700.0
 smooth, damp, xnorm, xnorm_vel, rnorm, rnorm_wt:   20.000000       55.000000       778518.13       442.01480       102844.14       43206.172    

Residual summary:
 absolute mean [s] =  0.0260 (    Inf %)
 weighted mean [s] =  0.0177 (    Inf %)
 absolute variance [s] =   554.7902 (1942.98 %)
 weighted variance [s] =    97.9707 ( -99.92 %)
 absolute ct rms [s] =  0.6475 (  -0.33 %)
 weighted ct rms [s] =  0.5418 (  -0.06 %)

Location summary:
 mean 2sig-error (x,y,z,t,m) [m,ms]: 
 8548.2 8382.010085.0 2929.3405.927 (    0.1  -31.0   -5.8   -2.3 -1.291)
 mean shift (x,y,z,t,m) [m,ms] (DX,DY,DZ,DT): 
 5699.1 4964.3 5839.3  438.2405.927 (    8.4  -85.3   -6.0   -1.0 -1.291)
  cluster centroid at:   0.025330     0.087521   5.546803
  mean centroid (origin) shift in x,y,z,t [m,ms]: 
   -8.5  248.3  296.7 -152.3
  (OS in std output gives maximum value.)

More:
  mean phase coherency =   NaN
  mean pick quality = 0.582
  station with largest ct rms: MDS    =  1376. ms (RMSST)

Relocation results for this iteration are stored in Output_Files/tomoDD.reloc.001.001
Iteration  4 finished Fri Jul 26 21:06:28 2019–
